2022-08-11 15:22:40,709 INFO [main] c.x.j.admin.FpXxlJobAdminApplication [SpringApplication.java : 640] The following 1 profile is active: "dev"
2022-08-11 15:22:41,655 INFO [main] o.s.cloud.context.scope.GenericScope [GenericScope.java : 283] BeanFactory id=9056d1f1-38b9-339c-8cf2-54d9ce8cda1c
2022-08-11 15:22:41,893 WARN [main] io.undertow.websockets.jsr [Bootstrap.java : 68] UT026010: Buffer pool was not set on WebSocketDeploymentInfo, the default pool will be used
2022-08-11 15:22:41,909 INFO [main] io.undertow.servlet [ServletContextImpl.java : 382] Initializing Spring embedded WebApplicationContext
2022-08-11 15:22:41,909 INFO [main] o.s.b.w.s.c.ServletWebServerApplicationContext [ServletWebServerApplicationContext.java : 292] Root WebApplicationContext: initialization completed in 1186 ms
2022-08-11 15:22:42,406 INFO [main] c.x.j.a.c.scheduler.XxlJobScheduler [XxlJobScheduler.java : 45] >>>>>>>>> init xxl-job admin success.
2022-08-11 15:22:42,421 INFO [xxl-job, admin JobFailMonitorHelper] com.zaxxer.hikari.HikariDataSource [HikariDataSource.java : 110] HikariCP - Starting...
2022-08-11 15:22:42,538 INFO [main] o.s.b.a.w.s.WelcomePageHandlerMapping [WelcomePageHandlerMapping.java : 57] Adding welcome page template: index
2022-08-11 15:22:42,798 INFO [xxl-job, admin JobFailMonitorHelper] com.zaxxer.hikari.HikariDataSource [HikariDataSource.java : 123] HikariCP - Start completed.
2022-08-11 15:22:43,106 WARN [main] o.s.c.l.c.LoadBalancerCacheAutoConfiguration$LoadBalancerCaffeineWarnLogger [LoadBalancerCacheAutoConfiguration.java : 82] Spring Cloud LoadBalancer is currently working with the default cache. While this cache implementation is useful for development and tests, it's recommended to use Caffeine cache in production.You can switch to using Caffeine cache, by adding it and org.springframework.cache.caffeine.CaffeineCacheManager to the classpath.
2022-08-11 15:22:43,110 INFO [main] o.s.b.a.e.web.EndpointLinksResolver [EndpointLinksResolver.java : 58] Exposing 1 endpoint(s) beneath base path '/actuator'
2022-08-11 15:22:43,174 INFO [main] io.undertow.servlet [ServletContextImpl.java : 382] Initializing Spring DispatcherServlet 'dispatcherServlet'
2022-08-11 15:22:43,174 INFO [main] o.s.web.servlet.DispatcherServlet [FrameworkServlet.java : 525] Initializing Servlet 'dispatcherServlet'
2022-08-11 15:22:43,176 INFO [main] o.s.web.servlet.DispatcherServlet [FrameworkServlet.java : 547] Completed initialization in 2 ms
2022-08-11 15:22:43,187 INFO [main] io.undertow [Undertow.java : 120] starting server: Undertow - 2.2.17.Final
2022-08-11 15:22:43,191 INFO [main] org.xnio [Xnio.java : 95] XNIO version 3.8.6.Final
2022-08-11 15:22:43,196 INFO [main] org.xnio.nio [NioXnio.java : 58] XNIO NIO Implementation Version 3.8.6.Final
2022-08-11 15:22:43,225 INFO [main] org.jboss.threads [Version.java : 52] JBoss Threads version 3.1.0.Final
2022-08-11 15:22:43,266 INFO [main] o.s.b.w.e.undertow.UndertowWebServer [UndertowWebServer.java : 119] Undertow started on port(s) 7002 (http) with context path '/xxl-job-admin'
2022-08-11 15:22:43,284 INFO [main] c.x.j.admin.FpXxlJobAdminApplication [StartupInfoLogger.java : 61] Started FpXxlJobAdminApplication in 3.479 seconds (JVM running for 4.245)
2022-08-11 15:22:44,345 WARN [RMI TCP Connection(3)-127.0.0.1] o.s.b.a.mail.MailHealthIndicator [AbstractHealthIndicator.java : 94] Mail health check failed
javax.mail.AuthenticationFailedException: 535 Login Fail. Please enter your authorization code to login. More information in http://service.mail.qq.com/cgi-bin/help?subtype=1&&id=28&&no=1001256

	at com.sun.mail.smtp.SMTPTransport$Authenticator.authenticate(SMTPTransport.java:947)
	at com.sun.mail.smtp.SMTPTransport.authenticate(SMTPTransport.java:858)
	at com.sun.mail.smtp.SMTPTransport.protocolConnect(SMTPTransport.java:762)
	at javax.mail.Service.connect(Service.java:342)
	at org.springframework.mail.javamail.JavaMailSenderImpl.connectTransport(JavaMailSenderImpl.java:518)
	at org.springframework.mail.javamail.JavaMailSenderImpl.testConnection(JavaMailSenderImpl.java:398)
	at org.springframework.boot.actuate.mail.MailHealthIndicator.doHealthCheck(MailHealthIndicator.java:42)
	at org.springframework.boot.actuate.health.AbstractHealthIndicator.health(AbstractHealthIndicator.java:82)
	at org.springframework.boot.actuate.health.HealthIndicator.getHealth(HealthIndicator.java:37)
	at org.springframework.boot.actuate.health.HealthEndpoint.getHealth(HealthEndpoint.java:77)
	at org.springframework.boot.actuate.health.HealthEndpoint.getHealth(HealthEndpoint.java:40)
	at org.springframework.boot.actuate.health.HealthEndpointSupport.getContribution(HealthEndpointSupport.java:130)
	at org.springframework.boot.actuate.health.HealthEndpointSupport.getAggregateContribution(HealthEndpointSupport.java:141)
	at org.springframework.boot.actuate.health.HealthEndpointSupport.getContribution(HealthEndpointSupport.java:126)
	at org.springframework.boot.actuate.health.HealthEndpointSupport.getHealth(HealthEndpointSupport.java:95)
	at org.springframework.boot.actuate.health.HealthEndpointSupport.getHealth(HealthEndpointSupport.java:66)
	at org.springframework.boot.actuate.health.HealthEndpoint.health(HealthEndpoint.java:71)
	at org.springframework.boot.actuate.health.HealthEndpoint.health(HealthEndpoint.java:61)
	at sun.reflect.NativeMethodAccessorImpl.invoke0(Native Method)
	at sun.reflect.NativeMethodAccessorImpl.invoke(NativeMethodAccessorImpl.java:62)
	at sun.reflect.DelegatingMethodAccessorImpl.invoke(DelegatingMethodAccessorImpl.java:43)
	at java.lang.reflect.Method.invoke(Method.java:498)
	at org.springframework.util.ReflectionUtils.invokeMethod(ReflectionUtils.java:282)
	at org.springframework.boot.actuate.endpoint.invoke.reflect.ReflectiveOperationInvoker.invoke(ReflectiveOperationInvoker.java:74)
	at org.springframework.boot.actuate.endpoint.annotation.AbstractDiscoveredOperation.invoke(AbstractDiscoveredOperation.java:60)
	at org.springframework.boot.actuate.endpoint.jmx.EndpointMBean.invoke(EndpointMBean.java:122)
	at org.springframework.boot.actuate.endpoint.jmx.EndpointMBean.invoke(EndpointMBean.java:97)
	at com.sun.jmx.interceptor.DefaultMBeanServerInterceptor.invoke(DefaultMBeanServerInterceptor.java:819)
	at com.sun.jmx.mbeanserver.JmxMBeanServer.invoke(JmxMBeanServer.java:801)
	at javax.management.remote.rmi.RMIConnectionImpl.doOperation(RMIConnectionImpl.java:1468)
	at javax.management.remote.rmi.RMIConnectionImpl.access$300(RMIConnectionImpl.java:76)
	at javax.management.remote.rmi.RMIConnectionImpl$PrivilegedOperation.run(RMIConnectionImpl.java:1309)
	at javax.management.remote.rmi.RMIConnectionImpl.doPrivilegedOperation(RMIConnectionImpl.java:1401)
	at javax.management.remote.rmi.RMIConnectionImpl.invoke(RMIConnectionImpl.java:829)
	at sun.reflect.GeneratedMethodAccessor66.invoke(Unknown Source)
	at sun.reflect.DelegatingMethodAccessorImpl.invoke(DelegatingMethodAccessorImpl.java:43)
	at java.lang.reflect.Method.invoke(Method.java:498)
	at sun.rmi.server.UnicastServerRef.dispatch(UnicastServerRef.java:357)
	at sun.rmi.transport.Transport$1.run(Transport.java:200)
	at sun.rmi.transport.Transport$1.run(Transport.java:197)
	at java.security.AccessController.doPrivileged(Native Method)
	at sun.rmi.transport.Transport.serviceCall(Transport.java:196)
	at sun.rmi.transport.tcp.TCPTransport.handleMessages(TCPTransport.java:573)
	at sun.rmi.transport.tcp.TCPTransport$ConnectionHandler.run0(TCPTransport.java:834)
	at sun.rmi.transport.tcp.TCPTransport$ConnectionHandler.lambda$run$0(TCPTransport.java:688)
	at java.security.AccessController.doPrivileged(Native Method)
	at sun.rmi.transport.tcp.TCPTransport$ConnectionHandler.run(TCPTransport.java:687)
	at java.util.concurrent.ThreadPoolExecutor.runWorker(ThreadPoolExecutor.java:1149)
	at java.util.concurrent.ThreadPoolExecutor$Worker.run(ThreadPoolExecutor.java:624)
	at java.lang.Thread.run(Thread.java:748)
2022-08-11 15:22:47,005 INFO [xxl-job, admin JobScheduleHelper#scheduleThread] c.x.j.a.c.thread.JobScheduleHelper [JobScheduleHelper.java : 52] >>>>>>>>> init xxl-job admin scheduler success.
2022-08-11 15:47:10,895 INFO [SpringApplicationShutdownHook] io.undertow [Undertow.java : 259] stopping server: Undertow - 2.2.17.Final
2022-08-11 15:47:10,902 INFO [SpringApplicationShutdownHook] io.undertow.servlet [ServletContextImpl.java : 382] Destroying Spring FrameworkServlet 'dispatcherServlet'
2022-08-11 15:47:11,911 INFO [xxl-job, admin JobScheduleHelper#scheduleThread] c.x.j.a.c.thread.JobScheduleHelper [JobScheduleHelper.java : 212] >>>>>>>>>>> xxl-job, JobScheduleHelper#scheduleThread stop
2022-08-11 15:47:12,003 INFO [xxl-job, admin JobScheduleHelper#ringThread] c.x.j.a.c.thread.JobScheduleHelper [JobScheduleHelper.java : 264] >>>>>>>>>>> xxl-job, JobScheduleHelper#ringThread stop
2022-08-11 15:47:12,915 INFO [SpringApplicationShutdownHook] c.x.j.a.c.thread.JobScheduleHelper [JobScheduleHelper.java : 353] >>>>>>>>>>> xxl-job, JobScheduleHelper stop
2022-08-11 15:47:12,916 INFO [xxl-job, admin JobLogReportHelper] c.x.j.a.c.thread.JobLogReportHelper [JobLogReportHelper.java : 132] >>>>>>>>>>> xxl-job, job log report thread stop
2022-08-11 15:47:12,918 INFO [xxl-job, admin JobLosedMonitorHelper] c.x.j.a.c.thread.JobCompleteHelper [JobCompleteHelper.java : 111] >>>>>>>>>>> xxl-job, JobLosedMonitorHelper stop
2022-08-11 15:47:12,918 INFO [xxl-job, admin JobFailMonitorHelper] c.x.j.a.c.t.JobFailMonitorHelper [JobFailMonitorHelper.java : 90] >>>>>>>>>>> xxl-job, job fail monitor thread stop
2022-08-11 15:47:12,919 INFO [xxl-job, admin JobRegistryMonitorHelper-registryMonitorThread] c.x.j.a.c.thread.JobRegistryHelper [JobRegistryHelper.java : 123] >>>>>>>>>>> xxl-job, job registry monitor thread stop
2022-08-11 15:47:12,920 INFO [SpringApplicationShutdownHook] c.x.j.a.c.t.JobTriggerPoolHelper [JobTriggerPoolHelper.java : 60] >>>>>>>>> xxl-job trigger thread pool shutdown success.
2022-08-11 15:47:12,926 INFO [SpringApplicationShutdownHook] com.zaxxer.hikari.HikariDataSource [HikariDataSource.java : 350] HikariCP - Shutdown initiated...
2022-08-11 15:47:12,940 INFO [SpringApplicationShutdownHook] com.zaxxer.hikari.HikariDataSource [HikariDataSource.java : 352] HikariCP - Shutdown completed.
2022-08-11 15:47:17,533 INFO [main] c.x.j.admin.FpXxlJobAdminApplication [SpringApplication.java : 640] The following 1 profile is active: "dev"
2022-08-11 15:47:18,485 INFO [main] o.s.cloud.context.scope.GenericScope [GenericScope.java : 283] BeanFactory id=9056d1f1-38b9-339c-8cf2-54d9ce8cda1c
2022-08-11 15:47:18,722 WARN [main] io.undertow.websockets.jsr [Bootstrap.java : 68] UT026010: Buffer pool was not set on WebSocketDeploymentInfo, the default pool will be used
2022-08-11 15:47:18,738 INFO [main] io.undertow.servlet [ServletContextImpl.java : 382] Initializing Spring embedded WebApplicationContext
2022-08-11 15:47:18,739 INFO [main] o.s.b.w.s.c.ServletWebServerApplicationContext [ServletWebServerApplicationContext.java : 292] Root WebApplicationContext: initialization completed in 1182 ms
2022-08-11 15:47:19,230 INFO [main] c.x.j.a.c.scheduler.XxlJobScheduler [XxlJobScheduler.java : 45] >>>>>>>>> init xxl-job admin success.
2022-08-11 15:47:19,241 INFO [xxl-job, admin JobRegistryMonitorHelper-registryMonitorThread] com.zaxxer.hikari.HikariDataSource [HikariDataSource.java : 110] HikariCP - Starting...
2022-08-11 15:47:19,363 INFO [main] o.s.b.a.w.s.WelcomePageHandlerMapping [WelcomePageHandlerMapping.java : 57] Adding welcome page template: index
2022-08-11 15:47:19,603 INFO [xxl-job, admin JobRegistryMonitorHelper-registryMonitorThread] com.zaxxer.hikari.HikariDataSource [HikariDataSource.java : 123] HikariCP - Start completed.
2022-08-11 15:47:19,889 WARN [main] o.s.c.l.c.LoadBalancerCacheAutoConfiguration$LoadBalancerCaffeineWarnLogger [LoadBalancerCacheAutoConfiguration.java : 82] Spring Cloud LoadBalancer is currently working with the default cache. While this cache implementation is useful for development and tests, it's recommended to use Caffeine cache in production.You can switch to using Caffeine cache, by adding it and org.springframework.cache.caffeine.CaffeineCacheManager to the classpath.
2022-08-11 15:47:19,894 INFO [main] o.s.b.a.e.web.EndpointLinksResolver [EndpointLinksResolver.java : 58] Exposing 1 endpoint(s) beneath base path '/actuator'
2022-08-11 15:47:19,960 INFO [main] io.undertow.servlet [ServletContextImpl.java : 382] Initializing Spring DispatcherServlet 'dispatcherServlet'
2022-08-11 15:47:19,960 INFO [main] o.s.web.servlet.DispatcherServlet [FrameworkServlet.java : 525] Initializing Servlet 'dispatcherServlet'
2022-08-11 15:47:19,962 INFO [main] o.s.web.servlet.DispatcherServlet [FrameworkServlet.java : 547] Completed initialization in 1 ms
2022-08-11 15:47:19,967 INFO [main] io.undertow [Undertow.java : 120] starting server: Undertow - 2.2.17.Final
2022-08-11 15:47:19,972 INFO [main] org.xnio [Xnio.java : 95] XNIO version 3.8.6.Final
2022-08-11 15:47:19,977 INFO [main] org.xnio.nio [NioXnio.java : 58] XNIO NIO Implementation Version 3.8.6.Final
2022-08-11 15:47:20,006 INFO [main] org.jboss.threads [Version.java : 52] JBoss Threads version 3.1.0.Final
2022-08-11 15:47:20,052 INFO [main] o.s.b.w.e.undertow.UndertowWebServer [UndertowWebServer.java : 119] Undertow started on port(s) 7002 (http) with context path '/xxl-job-admin'
2022-08-11 15:47:20,070 INFO [main] c.x.j.admin.FpXxlJobAdminApplication [StartupInfoLogger.java : 61] Started FpXxlJobAdminApplication in 4.039 seconds (JVM running for 5.047)
2022-08-11 15:47:24,005 INFO [xxl-job, admin JobScheduleHelper#scheduleThread] c.x.j.a.c.thread.JobScheduleHelper [JobScheduleHelper.java : 52] >>>>>>>>> init xxl-job admin scheduler success.
